<?xml version="1.0" encoding="UTF-8"?>
<testsuite xmlns:xsi="http://www.w3.org/2001/XMLSchema-instance" xsi:noNamespaceSchemaLocation="https://maven.apache.org/surefire/maven-surefire-plugin/xsd/surefire-test-report-3.0.xsd" version="3.0" name="TestSuite" time="1.829" tests="10" errors="0" skipped="6" failures="4">
  <properties>
[...]
</properties>
  <testcase name="initializeBrowser" classname="testscript.LoginTest" time="1.346">
    <failure message="&#10;Parameter &apos;browser&apos; is required by BeforeMethod on method initializeBrowser but has not been marked @Optional or defined&#10;in C:\Users\91889\eclipse-workspace\GroceryApp\testng.xml" type="org.testng.TestNGException"><![CDATA[org.testng.TestNGException: 

Parameter 'browser' is required by BeforeMethod on method initializeBrowser but has not been marked @Optional or defined
in C:\Users\91889\eclipse-workspace\GroceryApp\testng.xml
]]></failure>
    <system-err><![CDATA[SLF4J: Failed to load class "org.slf4j.impl.StaticLoggerBinder".
SLF4J: Defaulting to no-operation (NOP) logger implementation
SLF4J: See http://www.slf4j.org/codes.html#StaticLoggerBinder for further details.
]]></system-err>
  </testcase>
  <testcase name="initializeBrowser" classname="testscript.LoginTest" time="0.013">
    <failure message="&#10;Parameter &apos;browser&apos; is required by BeforeMethod on method initializeBrowser but has not been marked @Optional or defined&#10;in C:\Users\91889\eclipse-workspace\GroceryApp\testng.xml" type="org.testng.TestNGException"><![CDATA[org.testng.TestNGException: 

Parameter 'browser' is required by BeforeMethod on method initializeBrowser but has not been marked @Optional or defined
in C:\Users\91889\eclipse-workspace\GroceryApp\testng.xml
]]></failure>
  </testcase>
  <testcase name="initializeBrowser" classname="testscript.LoginTest" time="0.042">
    <failure message="&#10;Parameter &apos;browser&apos; is required by BeforeMethod on method initializeBrowser but has not been marked @Optional or defined&#10;in C:\Users\91889\eclipse-workspace\GroceryApp\testng.xml" type="org.testng.TestNGException"><![CDATA[org.testng.TestNGException: 

Parameter 'browser' is required by BeforeMethod on method initializeBrowser but has not been marked @Optional or defined
in C:\Users\91889\eclipse-workspace\GroceryApp\testng.xml
]]></failure>
  </testcase>
  <testcase name="verifyLoginWithInValidCredentials" classname="testscript.LoginTest" time="0">
    <skipped message="&#10;Parameter &apos;browser&apos; is required by BeforeMethod on method initializeBrowser but has not been marked @Optional or defined&#10;in C:\Users\91889\eclipse-workspace\GroceryApp\testng.xml"/>
  </testcase>
  <testcase name="browserQuit" classname="testscript.LoginTest" time="0">
    <skipped/>
  </testcase>
  <testcase name="browserQuit" classname="testscript.LoginTest" time="0">
    <skipped/>
  </testcase>
  <testcase name="browserQuit" classname="testscript.LoginTest" time="0">
    <skipped/>
  </testcase>
  <testcase name="verifyLoginWithValidCredentials" classname="testscript.LoginTest" time="0">
    <skipped message="&#10;Parameter &apos;browser&apos; is required by BeforeMethod on method initializeBrowser but has not been marked @Optional or defined&#10;in C:\Users\91889\eclipse-workspace\GroceryApp\testng.xml"/>
  </testcase>
  <testcase name="verifyLoginWithValidPswdOnly" classname="testscript.LoginTest" time="0.042">
    <failure message="&#10;Parameter &apos;username&apos; is required by @Test on method verifyLoginWithValidPswdOnly but has not been marked @Optional or defined&#10;in C:\Users\91889\eclipse-workspace\GroceryApp\testng.xml" type="org.testng.TestNGException"><![CDATA[org.testng.TestNGException: 

Parameter 'username' is required by @Test on method verifyLoginWithValidPswdOnly but has not been marked @Optional or defined
in C:\Users\91889\eclipse-workspace\GroceryApp\testng.xml
]]></failure>
  </testcase>
  <testcase name="verifyLoginWithValidUnameOnly" classname="testscript.LoginTest" time="0">
    <skipped message="&#10;Parameter &apos;browser&apos; is required by BeforeMethod on method initializeBrowser but has not been marked @Optional or defined&#10;in C:\Users\91889\eclipse-workspace\GroceryApp\testng.xml"/>
  </testcase>
</testsuite>