<?xml version="1.0" encoding="UTF-8"?>
<!-- Generated by org.testng.reporters.JUnitXMLReporter -->
<testsuite ignored="3" hostname="LAPTOP-D84E2QHT" failures="0" tests="1" name="Edge test" time="17.709" errors="0" timestamp="2024-06-19T12:56:18 IST">
  <testcase classname="testscript.LoginTest" name="verifyLoginWithValidCredentials" time="6.939"/>
  <testcase classname="testscript.LoginTest" name="verifyLoginWithValidPswdOnly" time="0.0">
    <ignored/>
  </testcase> <!-- verifyLoginWithValidPswdOnly -->
  <testcase classname="testscript.LoginTest" name="verifyLoginWithInValidCredentials" time="0.0">
    <ignored/>
  </testcase> <!-- verifyLoginWithInValidCredentials -->
  <testcase classname="testscript.LoginTest" name="verifyLoginWithValidUnameOnly" time="0.0">
    <ignored/>
  </testcase> <!-- verifyLoginWithValidUnameOnly -->
</testsuite> <!-- Edge test -->
