<?xml version="1.0" encoding="UTF-8"?>
<!-- Generated by org.testng.reporters.JUnitXMLReporter -->
<testsuite ignored="3" hostname="LAPTOP-D84E2QHT" failures="0" tests="1" name="Chrome test" time="13.016" errors="0" timestamp="2024-06-14T12:20:20 IST">
  <testcase classname="testscript.LoginTest" name="verifyLoginWithValidCredentials" time="3.158"/>
  <testcase classname="testscript.LoginTest" name="verifyLoginWithValidUnameOnly" time="0.0">
    <ignored/>
  </testcase> <!-- verifyLoginWithValidUnameOnly -->
  <testcase classname="testscript.LoginTest" name="verifyLoginWithValidPswdOnly" time="0.0">
    <ignored/>
  </testcase> <!-- verifyLoginWithValidPswdOnly -->
  <testcase classname="testscript.LoginTest" name="verifyLoginWithInValidCredentials" time="0.0">
    <ignored/>
  </testcase> <!-- verifyLoginWithInValidCredentials -->
</testsuite> <!-- Chrome test -->
