<?xml version="1.0" encoding="UTF-8"?>
<testng-results ignored="0" total="2" passed="2" failed="0" skipped="0">
  <reporter-output>
  </reporter-output>
  <suite started-at="2024-06-19T12:56:00 IST" name="MultiBrowserTesting" finished-at="2024-06-19T12:56:18 IST" duration-ms="17712">
    <groups>
      <group name="regression">
        <method signature="LoginTest.verifyLoginWithValidCredentials()[pri:0, instance:testscript.LoginTest@55b699ef]" name="verifyLoginWithValidCredentials" class="testscript.LoginTest"/>
        <method signature="LoginTest.verifyLoginWithValidCredentials()[pri:0, instance:testscript.LoginTest@3fc2959f]" name="verifyLoginWithValidCredentials" class="testscript.LoginTest"/>
      </group> <!-- regression -->
    </groups>
    <test started-at="2024-06-19T12:56:00 IST" name="Chrome test" finished-at="2024-06-19T12:56:17 IST" duration-ms="16865">
      <class name="testscript.LoginTest">
        <test-method is-config="true" signature="initializeBrowser(java.lang.String)[pri:0, instance:testscript.LoginTest@55b699ef]" started-at="2024-06-19T12:56:00 IST" name="initializeBrowser" finished-at="2024-06-19T12:56:10 IST" duration-ms="10048" status="PASS">
          <params>
            <param index="0">
              <value>
                <![CDATA[chrome]]>
              </value>
            </param>
          </params>
          <reporter-output>
          </reporter-output>
        </test-method> <!-- initializeBrowser -->
        <test-method signature="verifyLoginWithValidCredentials()[pri:0, instance:testscript.LoginTest@55b699ef]" started-at="2024-06-19T12:56:10 IST" name="verifyLoginWithValidCredentials" finished-at="2024-06-19T12:56:17 IST" duration-ms="6572" status="PASS">
          <reporter-output>
          </reporter-output>
        </test-method> <!-- verifyLoginWithValidCredentials -->
        <test-method is-config="true" signature="browserQuit(org.testng.ITestResult)[pri:0, instance:testscript.LoginTest@55b699ef]" started-at="2024-06-19T12:56:17 IST" name="browserQuit" finished-at="2024-06-19T12:56:17 IST" duration-ms="7" status="PASS">
          <params>
            <param index="0">
              <value>
                <![CDATA[[TestResult name=verifyLoginWithValidCredentials status=SUCCESS method=LoginTest.verifyLoginWithValidCredentials()[pri:0, instance:testscript.LoginTest@55b699ef] output={null}]]]>
              </value>
            </param>
          </params>
          <reporter-output>
          </reporter-output>
        </test-method> <!-- browserQuit -->
      </class> <!-- testscript.LoginTest -->
    </test> <!-- Chrome test -->
    <test started-at="2024-06-19T12:56:00 IST" name="Edge test" finished-at="2024-06-19T12:56:18 IST" duration-ms="17709">
      <class name="testscript.LoginTest">
        <test-method is-config="true" signature="initializeBrowser(java.lang.String)[pri:0, instance:testscript.LoginTest@3fc2959f]" started-at="2024-06-19T12:56:00 IST" name="initializeBrowser" finished-at="2024-06-19T12:56:11 IST" duration-ms="10567" status="PASS">
          <params>
            <param index="0">
              <value>
                <![CDATA[edge]]>
              </value>
            </param>
          </params>
          <reporter-output>
          </reporter-output>
        </test-method> <!-- initializeBrowser -->
        <test-method signature="verifyLoginWithValidCredentials()[pri:0, instance:testscript.LoginTest@3fc2959f]" started-at="2024-06-19T12:56:11 IST" name="verifyLoginWithValidCredentials" finished-at="2024-06-19T12:56:18 IST" duration-ms="6939" status="PASS">
          <reporter-output>
          </reporter-output>
        </test-method> <!-- verifyLoginWithValidCredentials -->
        <test-method is-config="true" signature="browserQuit(org.testng.ITestResult)[pri:0, instance:testscript.LoginTest@3fc2959f]" started-at="2024-06-19T12:56:18 IST" name="browserQuit" finished-at="2024-06-19T12:56:18 IST" duration-ms="4" status="PASS">
          <params>
            <param index="0">
              <value>
                <![CDATA[[TestResult name=verifyLoginWithValidCredentials status=SUCCESS method=LoginTest.verifyLoginWithValidCredentials()[pri:0, instance:testscript.LoginTest@3fc2959f] output={null}]]]>
              </value>
            </param>
          </params>
          <reporter-output>
          </reporter-output>
        </test-method> <!-- browserQuit -->
      </class> <!-- testscript.LoginTest -->
    </test> <!-- Edge test -->
  </suite> <!-- MultiBrowserTesting -->
</testng-results>
